<?xml version="1.0" encoding="UTF-8"?>
<coverage generated="1746647060455" clover="3.2.0">
  <project timestamp="1746647060455" name="All files">
    <metrics statements="11" coveredstatements="11" conditionals="1" coveredconditionals="1" methods="5" coveredmethods="5" elements="17" coveredelements="17" complexity="0" loc="11" ncloc="11" packages="1" files="1" classes="1"/>
    <file name="utils.ts" path="C:\Users\PC\Micrositio\utils.ts">
      <metrics statements="11" coveredstatements="11" conditionals="1" coveredconditionals="1" methods="5" coveredmethods="5"/>
      <line num="7" count="2" type="stmt"/>
      <line num="8" count="2" type="cond" truecount="1" falsecount="0"/>
      <line num="9" count="1" type="stmt"/>
      <line num="11" count="3" type="stmt"/>
      <line num="19" count="2" type="stmt"/>
      <line num="20" count="2" type="stmt"/>
      <line num="21" count="2" type="stmt"/>
      <line num="22" count="3" type="stmt"/>
      <line num="24" count="2" type="stmt"/>
      <line num="32" count="2" type="stmt"/>
      <line num="33" count="5" type="stmt"/>
    </file>
  </project>
</coverage>
