{"C:\\Users\\PC\\Micrositio\\utils.ts": {"path":"C:\\Users\\PC\\Micrositio\\utils.ts","statementMap":{"0":{"start":{"line":7,"column":0},"end":{"line":7,"column":16}},"1":{"start":{"line":19,"column":2},"end":{"line":19,"column":18}},"2":{"start":{"line":32,"column":2},"end":{"line":32,"column":18}},"3":{"start":{"line":8,"column":4},"end":{"line":10,"column":5}},"4":{"start":{"line":9,"column":6},"end":{"line":9,"column":null}},"5":{"start":{"line":11,"column":4},"end":{"line":11,"column":null}},"6":{"start":{"line":11,"column":47},"end":{"line":11,"column":79}},"7":{"start":{"line":20,"column":23},"end":{"line":20,"column":40}},"8":{"start":{"line":21,"column":4},"end":{"line":23,"column":null}},"9":{"start":{"line":22,"column":6},"end":{"line":22,"column":null}},"10":{"start":{"line":24,"column":4},"end":{"line":24,"column":null}},"11":{"start":{"line":33,"column":4},"end":{"line":33,"column":null}}},"fnMap":{"0":{"name":"filtrarProductosPorCategoria","decl":{"start":{"line":7,"column":16},"end":{"line":7,"column":44}},"loc":{"start":{"line":7,"column":80},"end":{"line":12,"column":3}}},"1":{"name":"(anonymous_1)","decl":{"start":{"line":11,"column":28},"end":{"line":11,"column":29}},"loc":{"start":{"line":11,"column":47},"end":{"line":11,"column":79}}},"2":{"name":"extraerCategorias","decl":{"start":{"line":19,"column":18},"end":{"line":19,"column":35}},"loc":{"start":{"line":19,"column":52},"end":{"line":25,"column":3}}},"3":{"name":"(anonymous_3)","decl":{"start":{"line":21,"column":22},"end":{"line":21,"column":23}},"loc":{"start":{"line":21,"column":40},"end":{"line":23,"column":5}}},"4":{"name":"formatearPrecio","decl":{"start":{"line":32,"column":18},"end":{"line":32,"column":33}},"loc":{"start":{"line":32,"column":48},"end":{"line":34,"column":3}}}},"branchMap":{"0":{"loc":{"start":{"line":8,"column":4},"end":{"line":10,"column":5}},"type":"if","locations":[{"start":{"line":8,"column":4},"end":{"line":10,"column":5}}]}},"s":{"0":2,"1":2,"2":2,"3":2,"4":1,"5":1,"6":3,"7":2,"8":2,"9":3,"10":2,"11":5},"f":{"0":2,"1":3,"2":2,"3":3,"4":5},"b":{"0":[1]}}
}
